<?xml version="1.0" encoding="UTF-8"?>
<!-- Generated by org.testng.reporters.JUnitXMLReporter -->
<testsuite hostname="crown-PC" ignored="0" name="Test" tests="4" failures="0" timestamp="2021-12-16T11:01:37 IST" time="2.486" errors="0">
  <testcase name="admin_Login_Valid" time="0.781" classname="testCases.Login_Test_Case"/>
  <testcase name="inValiduser" time="0.675" classname="testCases.Login_Test_Case"/>
  <testcase name="inValiduser" time="0.392" classname="testCases.Login_Test_Case"/>
  <testcase name="inValiduser" time="0.507" classname="testCases.Login_Test_Case"/>
</testsuite> <!-- Test -->
