<?xml version="1.0" encoding="UTF-8"?>
<!-- Generated by org.testng.reporters.JUnitReportReporter -->
<testsuite skipped="0" hostname="crown-PC" name="pageObjectModel.FindByTestcases" tests="2" failures="0" timestamp="2021-11-19T17:11:30 IST" time="7.101" errors="0">
  <testcase name="Admin_Login_TestCase" time="6.138" classname="pageObjectModel.FindByTestcases"/>
  <system-out/>
  <testcase name="Admin_Login_TestCase" time="0.963" classname="pageObjectModel.FindByTestcases"/>
  <system-out/>
</testsuite> <!-- pageObjectModel.FindByTestcases -->
