<?xml version="1.0" encoding="UTF-8"?>
<testng-results skipped="0" failed="0" ignored="0" total="4" passed="4">
  <reporter-output>
  </reporter-output>
  <suite name="smoke" duration-ms="2927" started-at="2021-12-17T17:21:47 IST" finished-at="2021-12-17T17:21:50 IST">
    <groups>
    </groups>
    <test name="main functionality" duration-ms="2927" started-at="2021-12-17T17:21:47 IST" finished-at="2021-12-17T17:21:50 IST">
      <class name="testCases.Login_Test_Case">
        <test-method status="PASS" signature="BrowserOpen()[pri:0, instance:testCases.Login_Test_Case@6737fd8f]" name="BrowserOpen" is-config="true" duration-ms="14022" started-at="2021-12-17T17:21:33 IST" finished-at="2021-12-17T17:21:47 IST">
          <reporter-output>
          </reporter-output>
        </test-method> <!-- BrowserOpen -->
        <test-method status="PASS" signature="admin_Login_Valid()[pri:0, instance:testCases.Login_Test_Case@6737fd8f]" name="admin_Login_Valid" duration-ms="878" started-at="2021-12-17T17:21:48 IST" finished-at="2021-12-17T17:21:48 IST">
          <reporter-output>
          </reporter-output>
        </test-method> <!-- admin_Login_Valid -->
        <test-method status="PASS" signature="inValiduser(java.lang.String,java.lang.String)[pri:0, instance:testCases.Login_Test_Case@6737fd8f]" name="inValiduser" duration-ms="540" started-at="2021-12-17T17:21:48 IST" data-provider="getData" finished-at="2021-12-17T17:21:49 IST">
          <params>
            <param index="0">
              <value>
                <![CDATA[Admin]]>
              </value>
            </param>
            <param index="1">
              <value>
                <![CDATA[Admin1]]>
              </value>
            </param>
          </params>
          <reporter-output>
          </reporter-output>
        </test-method> <!-- inValiduser -->
        <test-method status="PASS" signature="inValiduser(java.lang.String,java.lang.String)[pri:0, instance:testCases.Login_Test_Case@6737fd8f]" name="inValiduser" duration-ms="641" started-at="2021-12-17T17:21:49 IST" data-provider="getData" finished-at="2021-12-17T17:21:50 IST">
          <params>
            <param index="0">
              <value>
                <![CDATA[Ad]]>
              </value>
            </param>
            <param index="1">
              <value>
                <![CDATA[Admin]]>
              </value>
            </param>
          </params>
          <reporter-output>
          </reporter-output>
        </test-method> <!-- inValiduser -->
        <test-method status="PASS" signature="inValiduser(java.lang.String,java.lang.String)[pri:0, instance:testCases.Login_Test_Case@6737fd8f]" name="inValiduser" duration-ms="738" started-at="2021-12-17T17:21:50 IST" data-provider="getData" finished-at="2021-12-17T17:21:50 IST">
          <params>
            <param index="0">
              <value>
                <![CDATA[vasanth]]>
              </value>
            </param>
            <param index="1">
              <value>
                <![CDATA[Admi]]>
              </value>
            </param>
          </params>
          <reporter-output>
          </reporter-output>
        </test-method> <!-- inValiduser -->
        <test-method status="PASS" signature="BrowserClose()[pri:0, instance:testCases.Login_Test_Case@6737fd8f]" name="BrowserClose" is-config="true" duration-ms="3043" started-at="2021-12-17T17:21:50 IST" finished-at="2021-12-17T17:21:54 IST">
          <reporter-output>
          </reporter-output>
        </test-method> <!-- BrowserClose -->
      </class> <!-- testCases.Login_Test_Case -->
    </test> <!-- main functionality -->
  </suite> <!-- smoke -->
</testng-results>
