<?xml version="1.0" encoding="UTF-8"?>
<!-- Generated by org.testng.reporters.JUnitXMLReporter -->
<testsuite hostname="crown-PC" ignored="0" name="main functionality" tests="4" failures="0" timestamp="2021-12-17T09:36:13 IST" time="2.211" errors="0">
  <testcase name="admin_Login_Valid" time="0.807" classname="testCases.Login_Test_Case"/>
  <testcase name="inValiduser" time="0.446" classname="testCases.Login_Test_Case"/>
  <testcase name="inValiduser" time="0.424" classname="testCases.Login_Test_Case"/>
  <testcase name="inValiduser" time="0.428" classname="testCases.Login_Test_Case"/>
</testsuite> <!-- main functionality -->
