<?xml version="1.0" encoding="UTF-8"?>
<testng-results skipped="0" failed="0" ignored="0" total="4" passed="4">
  <reporter-output>
  </reporter-output>
  <suite name="Suite" duration-ms="2486" started-at="2021-12-16T11:01:35 IST" finished-at="2021-12-16T11:01:37 IST">
    <groups>
    </groups>
    <test name="Test" duration-ms="2486" started-at="2021-12-16T11:01:35 IST" finished-at="2021-12-16T11:01:37 IST">
      <class name="testCases.Login_Test_Case">
        <test-method status="PASS" signature="BrowserOpen()[pri:0, instance:testCases.Login_Test_Case@37271612]" name="BrowserOpen" is-config="true" duration-ms="19542" started-at="2021-12-16T11:01:15 IST" finished-at="2021-12-16T11:01:35 IST">
          <reporter-output>
          </reporter-output>
        </test-method> <!-- BrowserOpen -->
        <test-method status="PASS" signature="admin_Login_Valid()[pri:0, instance:testCases.Login_Test_Case@37271612]" name="admin_Login_Valid" duration-ms="781" started-at="2021-12-16T11:01:35 IST" finished-at="2021-12-16T11:01:36 IST">
          <reporter-output>
          </reporter-output>
        </test-method> <!-- admin_Login_Valid -->
        <test-method status="PASS" signature="inValiduser(java.lang.String,java.lang.String)[pri:0, instance:testCases.Login_Test_Case@37271612]" name="inValiduser" duration-ms="675" started-at="2021-12-16T11:01:36 IST" data-provider="getData" finished-at="2021-12-16T11:01:36 IST">
          <params>
            <param index="0">
              <value>
                <![CDATA[Admin]]>
              </value>
            </param>
            <param index="1">
              <value>
                <![CDATA[Admin1]]>
              </value>
            </param>
          </params>
          <reporter-output>
          </reporter-output>
        </test-method> <!-- inValiduser -->
        <test-method status="PASS" signature="inValiduser(java.lang.String,java.lang.String)[pri:0, instance:testCases.Login_Test_Case@37271612]" name="inValiduser" duration-ms="392" started-at="2021-12-16T11:01:36 IST" data-provider="getData" finished-at="2021-12-16T11:01:37 IST">
          <params>
            <param index="0">
              <value>
                <![CDATA[Ad]]>
              </value>
            </param>
            <param index="1">
              <value>
                <![CDATA[Admin]]>
              </value>
            </param>
          </params>
          <reporter-output>
          </reporter-output>
        </test-method> <!-- inValiduser -->
        <test-method status="PASS" signature="inValiduser(java.lang.String,java.lang.String)[pri:0, instance:testCases.Login_Test_Case@37271612]" name="inValiduser" duration-ms="507" started-at="2021-12-16T11:01:37 IST" data-provider="getData" finished-at="2021-12-16T11:01:37 IST">
          <params>
            <param index="0">
              <value>
                <![CDATA[vasanth]]>
              </value>
            </param>
            <param index="1">
              <value>
                <![CDATA[Admi]]>
              </value>
            </param>
          </params>
          <reporter-output>
          </reporter-output>
        </test-method> <!-- inValiduser -->
        <test-method status="PASS" signature="BrowserClose()[pri:0, instance:testCases.Login_Test_Case@37271612]" name="BrowserClose" is-config="true" duration-ms="2377" started-at="2021-12-16T11:01:37 IST" finished-at="2021-12-16T11:01:40 IST">
          <reporter-output>
          </reporter-output>
        </test-method> <!-- BrowserClose -->
      </class> <!-- testCases.Login_Test_Case -->
    </test> <!-- Test -->
  </suite> <!-- Suite -->
</testng-results>
